<?xml version="1.0" encoding="UTF-8"?>
<!-- Generated by org.testng.reporters.JUnitXMLReporter -->
<testsuite ignored="0" hostname="GLB-330-PC" failures="0" tests="16" name="Different testing testNg feature Test" time="35.602" errors="0" timestamp="20 Apr 2019 07:27:08 GMT">
  <testcase classname="com.Test.AssertUses" name="GoogleLogoTest" time="0.271"/>
  <testcase classname="com.Test.AssertUses" name="GoogleTitleTest" time="0.013"/>
  <testcase classname="com.Test.ExceptionTimeOutTest" name="test1" time="0.006"/>
  <testcase classname="com.Test.InvocationCountTest" name="sum" time="0.004"/>
  <testcase classname="com.Test.InvocationCountTest" name="sum" time="0.005"/>
  <testcase classname="com.Test.InvocationCountTest" name="sum" time="0.002"/>
  <testcase classname="com.Test.InvocationCountTest" name="sum" time="0.001"/>
  <testcase classname="com.Test.InvocationCountTest" name="sum" time="0.001"/>
  <testcase classname="com.Test.InvocationCountTest" name="sum" time="0.001"/>
  <testcase classname="com.Test.InvocationCountTest" name="sum" time="0.001"/>
  <testcase classname="com.Test.InvocationCountTest" name="sum" time="0.0"/>
  <testcase classname="com.Test.InvocationCountTest" name="sum" time="0.001"/>
  <testcase classname="com.Test.InvocationCountTest" name="sum" time="0.001"/>
  <testcase classname="com.Test.TestNgBasics" name="googleTitleTest" time="0.001"/>
  <testcase classname="com.Test.TestNgBasics" name="searchTest" time="0.001"/>
  <testcase classname="com.Test.TestNgdependsOnMethodsTest" name="Logintest" time="0.001"/>
</testsuite> <!-- Different testing testNg feature Test -->
